<?xml version="1.0" encoding="UTF-8"?>
<!-- Generated by org.testng.reporters.JUnitReportReporter -->
<testsuite skipped="0" hostname="DESKTOP-7494VHC" name="com.tutorialsninja.qa.testcases.Login" tests="7" failures="0" timestamp="2023-02-20T17:39:08 IST" time="48.408" errors="0">
  <testcase name="verifyLoginWithValidCredentials" time="6.607" classname="com.tutorialsninja.qa.testcases.Login"/>
  <system-out/>
  <testcase name="verifyLoginWithValidCredentials" time="7.623" classname="com.tutorialsninja.qa.testcases.Login"/>
  <system-out/>
  <testcase name="verifyLoginWithValidCredentials" time="6.488" classname="com.tutorialsninja.qa.testcases.Login"/>
  <system-out/>
  <testcase name="verifyLoginWithInValidCredentials" time="7.452" classname="com.tutorialsninja.qa.testcases.Login"/>
  <system-out/>
  <testcase name="verifyLoginWithInvalidEmailAndValidPassword" time="6.672" classname="com.tutorialsninja.qa.testcases.Login"/>
  <system-out/>
  <testcase name="verifyLoginWithvalidEmailAndInvalidPassword" time="6.786" classname="com.tutorialsninja.qa.testcases.Login"/>
  <system-out/>
  <testcase name="verifyWithoutProvidingCredentials" time="6.780" classname="com.tutorialsninja.qa.testcases.Login"/>
  <system-out/>
</testsuite> <!-- com.tutorialsninja.qa.testcases.Login -->
