<?xml version="1.0" encoding="UTF-8"?>
<!-- Generated by org.testng.reporters.JUnitReportReporter -->
<testsuite skipped="0" hostname="DESKTOP-7494VHC" name="com.tutorialsninja.qa.testcases.LoginTest" tests="7" failures="0" timestamp="2023-02-20T19:39:24 IST" time="51.177" errors="0">
  <testcase name="verifyLoginWithValidCredentials" time="8.320" classname="com.tutorialsninja.qa.testcases.LoginTest"/>
  <system-out/>
  <testcase name="verifyLoginWithValidCredentials" time="6.876" classname="com.tutorialsninja.qa.testcases.LoginTest"/>
  <system-out/>
  <testcase name="verifyLoginWithValidCredentials" time="7.297" classname="com.tutorialsninja.qa.testcases.LoginTest"/>
  <system-out/>
  <testcase name="verifyLoginWithInValidCredentials" time="6.291" classname="com.tutorialsninja.qa.testcases.LoginTest"/>
  <system-out/>
  <testcase name="verifyLoginWithInvalidEmailAndValidPassword" time="8.223" classname="com.tutorialsninja.qa.testcases.LoginTest"/>
  <system-out/>
  <testcase name="verifyLoginWithvalidEmailAndInvalidPassword" time="7.811" classname="com.tutorialsninja.qa.testcases.LoginTest"/>
  <system-out/>
  <testcase name="verifyWithoutProvidingCredentials" time="6.359" classname="com.tutorialsninja.qa.testcases.LoginTest"/>
  <system-out/>
</testsuite> <!-- com.tutorialsninja.qa.testcases.LoginTest -->
