<?xml version="1.0" encoding="UTF-8"?>
<!-- Generated by org.testng.reporters.JUnitReportReporter -->
<testsuite skipped="0" hostname="DESKTOP-7494VHC" name="com.tutorialsninja.qa.testcases.RegisterTest" tests="4" failures="0" timestamp="2023-02-20T19:39:24 IST" time="34.694" errors="0">
  <testcase name="verifyRegisteringAnAccountWithMandatoryFields" time="10.545" classname="com.tutorialsninja.qa.testcases.RegisterTest"/>
  <system-out/>
  <testcase name="verifyRegisteringAccountByProvidingAllFields" time="8.958" classname="com.tutorialsninja.qa.testcases.RegisterTest"/>
  <system-out/>
  <testcase name="verifyRegisteringAccountWithExistingEmailAddress" time="7.812" classname="com.tutorialsninja.qa.testcases.RegisterTest"/>
  <system-out/>
  <testcase name="verifyRegisteringAccountWithoutFillingAnyDetails" time="7.379" classname="com.tutorialsninja.qa.testcases.RegisterTest"/>
  <system-out/>
</testsuite> <!-- com.tutorialsninja.qa.testcases.RegisterTest -->
