<?xml version="1.0" encoding="UTF-8"?>
<!-- Generated by org.testng.reporters.JUnitReportReporter -->
<testsuite skipped="0" hostname="DESKTOP-7494VHC" name="com.tutorialsninja.qa.testcases.Register" tests="4" failures="0" timestamp="2023-02-20T17:39:08 IST" time="37.187" errors="0">
  <testcase name="verifyRegisteringAnAccountWithMandatoryFields" time="11.292" classname="com.tutorialsninja.qa.testcases.Register"/>
  <system-out/>
  <testcase name="verifyRegisteringAccountByProvidingAllFields" time="11.722" classname="com.tutorialsninja.qa.testcases.Register"/>
  <system-out/>
  <testcase name="verifyRegisteringAccountWithExistingEmailAddress" time="7.755" classname="com.tutorialsninja.qa.testcases.Register"/>
  <system-out/>
  <testcase name="verifyRegisteringAccountWithoutFillingAnyDetails" time="6.418" classname="com.tutorialsninja.qa.testcases.Register"/>
  <system-out/>
</testsuite> <!-- com.tutorialsninja.qa.testcases.Register -->
